<?xml version="1.0" encoding="UTF-8" ?>
<testsuite tests="0" failures="0" name="com.moderneinstein.web.vertx.TestTools" time="0" errors="0" skipped="0">
  <properties>
    <property name="java.runtime.name" value="Java(TM) SE Runtime Environment"/>
    <property name="java.vm.version" value="17.0.1+12-LTS-39"/>
    <property name="sun.boot.library.path" value="C:\Program Files\Java\jdk-17.0.1\bin"/>
    <property name="maven.multiModuleProjectDirectory" value="C:\Users\Access\Videos\Workspace\Library-Management"/>
    <property name="java.vm.vendor" value="Oracle Corporation"/>
    <property name="java.vendor.url" value="https://java.oracle.com/"/>
    <property name="guice.disable.misplaced.annotation.check" value="true"/>
    <property name="path.separator" value=";"/>
    <property name="java.vm.name" value="Java HotSpot(TM) 64-Bit Server VM"/>
    <property name="sun.os.patch.level" value=""/>
    <property name="user.script" value=""/>
    <property name="user.country" value="US"/>
    <property name="sun.java.launcher" value="SUN_STANDARD"/>
    <property name="java.vm.specification.name" value="Java Virtual Machine Specification"/>
    <property name="user.dir" value="C:\Users\Access\Videos\Workspace\Library-Management"/>
    <property name="java.vm.compressedOopsMode" value="32-bit"/>
    <property name="java.runtime.version" value="17.0.1+12-LTS-39"/>
    <property name="os.arch" value="amd64"/>
    <property name="java.io.tmpdir" value="C:\Users\Access\AppData\Local\Temp\"/>
    <property name="line.separator" value="
"/>
    <property name="java.vm.specification.vendor" value="Oracle Corporation"/>
    <property name="user.variant" value=""/>
    <property name="os.name" value="Windows 10"/>
    <property name="classworlds.conf" value="C:\Users\Access\Documents\apache-maven-3.8.5-bin\apache-maven-3.8.5\bin\m2.conf"/>
    <property name="sun.jnu.encoding" value="Cp1252"/>
    <property name="java.library.path" value="C:\Program Files\Java\jdk-17.0.1\bin;C:\WINDOWS\Sun\Java\bin;C:\WINDOWS\system32;C:\WINDOWS;C:\Program Files\Common Files\Oracle\Java\javapath;C:\WINDOWS\system32;C:\WINDOWS;C:\WINDOWS\System32\Wbem;C:\WINDOWS\System32\WindowsPowerShell\v1.0\;C:\WINDOWS\System32\OpenSSH\;C:\Users\Admin\Downloads\sqljdbc_11.2.1.0_enu;C:\Users\Admin\Downloads\sqljdbc_11.2.1.0_enu\*;C:\Users\Admin\Documents\sqljdbc_11.2.1.0_enu\sqljdbc_11.2_enu\*;C:\Users\Admin\Documents\sqljdbc_11.2.1.0_enu\sqljdbc_11.2_enu;C:\Users\Admin\Documents\PaulOwei;C:\Users\Admin\Documents\PaulOwei\*;C:\Program Files (x86)\Microsoft SQL Server\160\Tools\Binn\;C:\Program Files\Microsoft SQL Server\160\Tools\Binn\;C:\Program Files\Microsoft SQL Server\Client SDK\ODBC\170\Tools\Binn\;C:\Program Files\Microsoft SQL Server\160\DTS\Binn\;C:\Users\Admin\Documents\AccessJdbcDriver;C:\Users\Admin\Documents\AccessJdbcDriver\*;C:\Program Files (x86)\Microsoft SQL Server\150\DTS\Binn\;C:\Program Files\Azure Data Studio\bin;C:\mingw-w64\x86_64-8.1.0-posix-seh-rt_v6-rev0\mingw64\bin;C:\Users\Access\Documents\apache-maven-3.8.5-bin\apache-maven-3.8.5\bin;C:\mysql\bin;C:\Program Files\dotnet\;C:\Users\Access\AppData\Local\Programs\Python\Python311;C:\Users\Access\AppData\Local\Programs\Python\Python311\Scripts;C:\Users\Access\Downloads\aether-api-1.8.jar\*;C:\Users\Access\Downloads\aether-api-1.8.jar;C:\Users\Access\Downloads\jar_files\*;C:\Users\Access\Documents\Noted\Sources\Thread\Imports\android-sdk17-windows\tools;C:\Users\Access\Downloads\android-sdk17-windows;C:\Users\Access\Downloads\android-sdk17-windows\tools;C:\Users\Admin\Downloads\gradle-6.8.2-bin\gradle-6.8.2\;C:\Users\Admin\Downloads\gradle-7.5-bin\gradle-7.5;C:\Users\Admin\Downloads\gradle-4.7-bin\gradle-4.7;C:\Users\Admin\Downloads\gradle-4.8-all\gradle-4.8\bin;C:\Program Files\Java\jdk-17.0.1\bin;C:\Users\Access\Downloads\android-sdk17-windows\build-tools\30.0.0;C:\Users\Access\3D Objects\mongosh-2.0.1-win32-x64\bin;C:\Users\Access\3D Objects\mongodb-windows-x86_64-7.0.2\mongodb-win32-x86_64-windows-7.0.2\bin;C:\Users\Access\AppData\Local\Programs\Python\Launcher\;C:\Users\Access\AppData\Local\Microsoft\WindowsApps;C:\Users\Access\Downloads\Git\cmd;."/>
    <property name="maven.conf" value="C:\Users\Access\Documents\apache-maven-3.8.5-bin\apache-maven-3.8.5/conf"/>
    <property name="jdk.debug" value="release"/>
    <property name="java.class.version" value="61.0"/>
    <property name="java.specification.name" value="Java Platform API Specification"/>
    <property name="sun.management.compiler" value="HotSpot 64-Bit Tiered Compilers"/>
    <property name="os.version" value="10.0"/>
    <property name="library.jansi.path" value="C:\Users\Access\Documents\apache-maven-3.8.5-bin\apache-maven-3.8.5\lib\jansi-native"/>
    <property name="user.home" value="C:\Users\Access"/>
    <property name="user.timezone" value="Africa/Lagos"/>
    <property name="file.encoding" value="Cp1252"/>
    <property name="java.specification.version" value="17"/>
    <property name="user.name" value="Access"/>
    <property name="java.class.path" value="C:\Users\Access\Documents\apache-maven-3.8.5-bin\apache-maven-3.8.5\boot\plexus-classworlds-2.6.0.jar"/>
    <property name="java.vm.specification.version" value="17"/>
    <property name="sun.arch.data.model" value="64"/>
    <property name="sun.java.command" value="org.codehaus.plexus.classworlds.launcher.Launcher package"/>
    <property name="java.home" value="C:\Program Files\Java\jdk-17.0.1"/>
    <property name="user.language" value="en"/>
    <property name="java.specification.vendor" value="Oracle Corporation"/>
    <property name="java.vm.info" value="mixed mode, sharing"/>
    <property name="java.version" value="17.0.1"/>
    <property name="native.encoding" value="Cp1252"/>
    <property name="java.vendor" value="Oracle Corporation"/>
    <property name="sun.stderr.encoding" value="cp437"/>
    <property name="maven.home" value="C:\Users\Access\Documents\apache-maven-3.8.5-bin\apache-maven-3.8.5"/>
    <property name="file.separator" value="\"/>
    <property name="java.version.date" value="2021-10-19"/>
    <property name="java.vendor.url.bug" value="https://bugreport.java.com/bugreport/"/>
    <property name="sun.io.unicode.encoding" value="UnicodeLittle"/>
    <property name="sun.cpu.endian" value="little"/>
    <property name="sun.stdout.encoding" value="cp437"/>
    <property name="sun.cpu.isalist" value="amd64"/>
  </properties>
</testsuite>