<?xml version="1.0" encoding="UTF-8"?>
<testsuite xmlns:xsi="http://www.w3.org/2001/XMLSchema-instance" xsi:noNamespaceSchemaLocation="https://maven.apache.org/surefire/maven-surefire-plugin/xsd/surefire-test-report-3.0.xsd" version="3.0" name="com.moderneinstein.web.vertx.BaseTestVerticle" time="0.456" tests="2" errors="0" skipped="0" failures="0">
  <properties>
    <property name="java.specification.version" value="17"/>
    <property name="sun.cpu.isalist" value="amd64"/>
    <property name="sun.jnu.encoding" value="Cp1252"/>
    <property name="java.class.path" value="C:\Users\Access\Videos\Workspace\Library-Management\target\test-classes;C:\Users\Access\Videos\Workspace\Library-Management\target\classes;C:\Users\Access\.m2\repository\io\vertx\vertx-core\4.3.1\vertx-core-4.3.1.jar;C:\Users\Access\.m2\repository\io\netty\netty-common\4.1.77.Final\netty-common-4.1.77.Final.jar;C:\Users\Access\.m2\repository\io\netty\netty-buffer\4.1.77.Final\netty-buffer-4.1.77.Final.jar;C:\Users\Access\.m2\repository\io\netty\netty-transport\4.1.77.Final\netty-transport-4.1.77.Final.jar;C:\Users\Access\.m2\repository\io\netty\netty-handler\4.1.77.Final\netty-handler-4.1.77.Final.jar;C:\Users\Access\.m2\repository\io\netty\netty-codec\4.1.77.Final\netty-codec-4.1.77.Final.jar;C:\Users\Access\.m2\repository\io\netty\netty-handler-proxy\4.1.77.Final\netty-handler-proxy-4.1.77.Final.jar;C:\Users\Access\.m2\repository\io\netty\netty-codec-socks\4.1.77.Final\netty-codec-socks-4.1.77.Final.jar;C:\Users\Access\.m2\repository\io\netty\netty-codec-http\4.1.77.Final\netty-codec-http-4.1.77.Final.jar;C:\Users\Access\.m2\repository\io\netty\netty-codec-http2\4.1.77.Final\netty-codec-http2-4.1.77.Final.jar;C:\Users\Access\.m2\repository\io\netty\netty-resolver\4.1.77.Final\netty-resolver-4.1.77.Final.jar;C:\Users\Access\.m2\repository\io\netty\netty-resolver-dns\4.1.77.Final\netty-resolver-dns-4.1.77.Final.jar;C:\Users\Access\.m2\repository\io\netty\netty-codec-dns\4.1.77.Final\netty-codec-dns-4.1.77.Final.jar;C:\Users\Access\.m2\repository\com\fasterxml\jackson\core\jackson-core\2.13.2\jackson-core-2.13.2.jar;C:\Users\Access\.m2\repository\io\vertx\vertx-web\4.3.1\vertx-web-4.3.1.jar;C:\Users\Access\.m2\repository\io\vertx\vertx-web-common\4.3.1\vertx-web-common-4.3.1.jar;C:\Users\Access\.m2\repository\io\vertx\vertx-auth-common\4.3.1\vertx-auth-common-4.3.1.jar;C:\Users\Access\.m2\repository\io\vertx\vertx-bridge-common\4.3.1\vertx-bridge-common-4.3.1.jar;C:\Users\Access\.m2\repository\io\vertx\vertx-dropwizard-metrics\4.3.1\vertx-dropwizard-metrics-4.3.1.jar;C:\Users\Access\.m2\repository\io\dropwizard\metrics\metrics-core\4.2.0\metrics-core-4.2.0.jar;C:\Users\Access\.m2\repository\io\vertx\vertx-mongo-client\4.3.1\vertx-mongo-client-4.3.1.jar;C:\Users\Access\.m2\repository\org\mongodb\mongodb-driver-reactivestreams\4.1.2\mongodb-driver-reactivestreams-4.1.2.jar;C:\Users\Access\.m2\repository\org\mongodb\bson\4.1.2\bson-4.1.2.jar;C:\Users\Access\.m2\repository\org\mongodb\mongodb-driver-core\4.1.2\mongodb-driver-core-4.1.2.jar;C:\Users\Access\.m2\repository\org\reactivestreams\reactive-streams\1.0.3\reactive-streams-1.0.3.jar;C:\Users\Access\.m2\repository\org\apache\commons\commons-collections4\4.2\commons-collections4-4.2.jar;C:\Users\Access\.m2\repository\io\vertx\vertx-jdbc-client\4.1.8\vertx-jdbc-client-4.1.8.jar;C:\Users\Access\.m2\repository\io\vertx\vertx-sql-client\4.3.1\vertx-sql-client-4.3.1.jar;C:\Users\Access\.m2\repository\com\mchange\c3p0\0.9.5.4\c3p0-0.9.5.4.jar;C:\Users\Access\.m2\repository\com\mchange\mchange-commons-java\0.2.15\mchange-commons-java-0.2.15.jar;C:\Users\Access\.m2\repository\junit\junit\4.13.2\junit-4.13.2.jar;C:\Users\Access\.m2\repository\org\hamcrest\hamcrest-core\1.3\hamcrest-core-1.3.jar;C:\Users\Access\.m2\repository\org\junit\jupiter\junit-jupiter-api\5.9.0\junit-jupiter-api-5.9.0.jar;C:\Users\Access\.m2\repository\org\opentest4j\opentest4j\1.2.0\opentest4j-1.2.0.jar;C:\Users\Access\.m2\repository\org\junit\platform\junit-platform-commons\1.9.0\junit-platform-commons-1.9.0.jar;C:\Users\Access\.m2\repository\org\apiguardian\apiguardian-api\1.1.2\apiguardian-api-1.1.2.jar;"/>
    <property name="java.vm.vendor" value="Oracle Corporation"/>
    <property name="sun.arch.data.model" value="64"/>
    <property name="user.variant" value=""/>
    <property name="java.vendor.url" value="https://java.oracle.com/"/>
    <property name="user.timezone" value="Africa/Lagos"/>
    <property name="os.name" value="Windows 10"/>
    <property name="java.vm.specification.version" value="17"/>
    <property name="sun.java.launcher" value="SUN_STANDARD"/>
    <property name="user.country" value="US"/>
    <property name="sun.boot.library.path" value="C:\Program Files\Java\jdk-17.0.1\bin"/>
    <property name="sun.java.command" value="C:\Users\Access\AppData\Local\Temp\surefire10324932604025714659\surefirebooter-20231005201321844_3.jar C:\Users\Access\AppData\Local\Temp\surefire10324932604025714659 2023-10-05T20-13-21_420-jvmRun1 surefire-20231005201321844_1tmp surefire_0-20231005201321844_2tmp"/>
    <property name="jdk.debug" value="release"/>
    <property name="test" value="BaseTestVerticle"/>
    <property name="surefire.test.class.path" value="C:\Users\Access\Videos\Workspace\Library-Management\target\test-classes;C:\Users\Access\Videos\Workspace\Library-Management\target\classes;C:\Users\Access\.m2\repository\io\vertx\vertx-core\4.3.1\vertx-core-4.3.1.jar;C:\Users\Access\.m2\repository\io\netty\netty-common\4.1.77.Final\netty-common-4.1.77.Final.jar;C:\Users\Access\.m2\repository\io\netty\netty-buffer\4.1.77.Final\netty-buffer-4.1.77.Final.jar;C:\Users\Access\.m2\repository\io\netty\netty-transport\4.1.77.Final\netty-transport-4.1.77.Final.jar;C:\Users\Access\.m2\repository\io\netty\netty-handler\4.1.77.Final\netty-handler-4.1.77.Final.jar;C:\Users\Access\.m2\repository\io\netty\netty-codec\4.1.77.Final\netty-codec-4.1.77.Final.jar;C:\Users\Access\.m2\repository\io\netty\netty-handler-proxy\4.1.77.Final\netty-handler-proxy-4.1.77.Final.jar;C:\Users\Access\.m2\repository\io\netty\netty-codec-socks\4.1.77.Final\netty-codec-socks-4.1.77.Final.jar;C:\Users\Access\.m2\repository\io\netty\netty-codec-http\4.1.77.Final\netty-codec-http-4.1.77.Final.jar;C:\Users\Access\.m2\repository\io\netty\netty-codec-http2\4.1.77.Final\netty-codec-http2-4.1.77.Final.jar;C:\Users\Access\.m2\repository\io\netty\netty-resolver\4.1.77.Final\netty-resolver-4.1.77.Final.jar;C:\Users\Access\.m2\repository\io\netty\netty-resolver-dns\4.1.77.Final\netty-resolver-dns-4.1.77.Final.jar;C:\Users\Access\.m2\repository\io\netty\netty-codec-dns\4.1.77.Final\netty-codec-dns-4.1.77.Final.jar;C:\Users\Access\.m2\repository\com\fasterxml\jackson\core\jackson-core\2.13.2\jackson-core-2.13.2.jar;C:\Users\Access\.m2\repository\io\vertx\vertx-web\4.3.1\vertx-web-4.3.1.jar;C:\Users\Access\.m2\repository\io\vertx\vertx-web-common\4.3.1\vertx-web-common-4.3.1.jar;C:\Users\Access\.m2\repository\io\vertx\vertx-auth-common\4.3.1\vertx-auth-common-4.3.1.jar;C:\Users\Access\.m2\repository\io\vertx\vertx-bridge-common\4.3.1\vertx-bridge-common-4.3.1.jar;C:\Users\Access\.m2\repository\io\vertx\vertx-dropwizard-metrics\4.3.1\vertx-dropwizard-metrics-4.3.1.jar;C:\Users\Access\.m2\repository\io\dropwizard\metrics\metrics-core\4.2.0\metrics-core-4.2.0.jar;C:\Users\Access\.m2\repository\io\vertx\vertx-mongo-client\4.3.1\vertx-mongo-client-4.3.1.jar;C:\Users\Access\.m2\repository\org\mongodb\mongodb-driver-reactivestreams\4.1.2\mongodb-driver-reactivestreams-4.1.2.jar;C:\Users\Access\.m2\repository\org\mongodb\bson\4.1.2\bson-4.1.2.jar;C:\Users\Access\.m2\repository\org\mongodb\mongodb-driver-core\4.1.2\mongodb-driver-core-4.1.2.jar;C:\Users\Access\.m2\repository\org\reactivestreams\reactive-streams\1.0.3\reactive-streams-1.0.3.jar;C:\Users\Access\.m2\repository\org\apache\commons\commons-collections4\4.2\commons-collections4-4.2.jar;C:\Users\Access\.m2\repository\io\vertx\vertx-jdbc-client\4.1.8\vertx-jdbc-client-4.1.8.jar;C:\Users\Access\.m2\repository\io\vertx\vertx-sql-client\4.3.1\vertx-sql-client-4.3.1.jar;C:\Users\Access\.m2\repository\com\mchange\c3p0\0.9.5.4\c3p0-0.9.5.4.jar;C:\Users\Access\.m2\repository\com\mchange\mchange-commons-java\0.2.15\mchange-commons-java-0.2.15.jar;C:\Users\Access\.m2\repository\junit\junit\4.13.2\junit-4.13.2.jar;C:\Users\Access\.m2\repository\org\hamcrest\hamcrest-core\1.3\hamcrest-core-1.3.jar;C:\Users\Access\.m2\repository\org\junit\jupiter\junit-jupiter-api\5.9.0\junit-jupiter-api-5.9.0.jar;C:\Users\Access\.m2\repository\org\opentest4j\opentest4j\1.2.0\opentest4j-1.2.0.jar;C:\Users\Access\.m2\repository\org\junit\platform\junit-platform-commons\1.9.0\junit-platform-commons-1.9.0.jar;C:\Users\Access\.m2\repository\org\apiguardian\apiguardian-api\1.1.2\apiguardian-api-1.1.2.jar;"/>
    <property name="sun.cpu.endian" value="little"/>
    <property name="user.home" value="C:\Users\Access"/>
    <property name="user.language" value="en"/>
    <property name="java.specification.vendor" value="Oracle Corporation"/>
    <property name="java.version.date" value="2021-10-19"/>
    <property name="java.home" value="C:\Program Files\Java\jdk-17.0.1"/>
    <property name="file.separator" value="\"/>
    <property name="basedir" value="C:\Users\Access\Videos\Workspace\Library-Management"/>
    <property name="java.vm.compressedOopsMode" value="32-bit"/>
    <property name="line.separator" value="&#10;"/>
    <property name="java.vm.specification.vendor" value="Oracle Corporation"/>
    <property name="java.specification.name" value="Java Platform API Specification"/>
    <property name="surefire.real.class.path" value="C:\Users\Access\AppData\Local\Temp\surefire10324932604025714659\surefirebooter-20231005201321844_3.jar"/>
    <property name="user.script" value=""/>
    <property name="sun.management.compiler" value="HotSpot 64-Bit Tiered Compilers"/>
    <property name="java.runtime.version" value="17.0.1+12-LTS-39"/>
    <property name="user.name" value="Access"/>
    <property name="path.separator" value=";"/>
    <property name="os.version" value="10.0"/>
    <property name="java.runtime.name" value="Java(TM) SE Runtime Environment"/>
    <property name="file.encoding" value="Cp1252"/>
    <property name="java.vm.name" value="Java HotSpot(TM) 64-Bit Server VM"/>
    <property name="localRepository" value="C:\Users\Access\.m2\repository"/>
    <property name="java.vendor.url.bug" value="https://bugreport.java.com/bugreport/"/>
    <property name="java.io.tmpdir" value="C:\Users\Access\AppData\Local\Temp\"/>
    <property name="java.version" value="17.0.1"/>
    <property name="user.dir" value="C:\Users\Access\Videos\Workspace\Library-Management"/>
    <property name="os.arch" value="amd64"/>
    <property name="java.vm.specification.name" value="Java Virtual Machine Specification"/>
    <property name="sun.os.patch.level" value=""/>
    <property name="native.encoding" value="Cp1252"/>
    <property name="java.library.path" value="C:\Program Files\Java\jdk-17.0.1\bin;C:\WINDOWS\Sun\Java\bin;C:\WINDOWS\system32;C:\WINDOWS;C:\Program Files\Common Files\Oracle\Java\javapath;C:\WINDOWS\system32;C:\WINDOWS;C:\WINDOWS\System32\Wbem;C:\WINDOWS\System32\WindowsPowerShell\v1.0\;C:\WINDOWS\System32\OpenSSH\;C:\Users\Admin\Downloads\sqljdbc_11.2.1.0_enu;C:\Users\Admin\Downloads\sqljdbc_11.2.1.0_enu\*;C:\Users\Admin\Documents\sqljdbc_11.2.1.0_enu\sqljdbc_11.2_enu\*;C:\Users\Admin\Documents\sqljdbc_11.2.1.0_enu\sqljdbc_11.2_enu;C:\Users\Admin\Documents\PaulOwei;C:\Users\Admin\Documents\PaulOwei\*;C:\Program Files (x86)\Microsoft SQL Server\160\Tools\Binn\;C:\Program Files\Microsoft SQL Server\160\Tools\Binn\;C:\Program Files\Microsoft SQL Server\Client SDK\ODBC\170\Tools\Binn\;C:\Program Files\Microsoft SQL Server\160\DTS\Binn\;C:\Users\Admin\Documents\AccessJdbcDriver;C:\Users\Admin\Documents\AccessJdbcDriver\*;C:\Program Files (x86)\Microsoft SQL Server\150\DTS\Binn\;C:\Program Files\Azure Data Studio\bin;C:\mingw-w64\x86_64-8.1.0-posix-seh-rt_v6-rev0\mingw64\bin;C:\Users\Access\Documents\apache-maven-3.8.5-bin\apache-maven-3.8.5\bin;C:\mysql\bin;C:\Program Files\dotnet\;C:\Users\Access\AppData\Local\Programs\Python\Python311;C:\Users\Access\AppData\Local\Programs\Python\Python311\Scripts;C:\Users\Access\Downloads\aether-api-1.8.jar\*;C:\Users\Access\Downloads\aether-api-1.8.jar;C:\Users\Access\Downloads\jar_files\*;C:\Users\Access\Documents\Noted\Sources\Thread\Imports\android-sdk17-windows\tools;C:\Users\Access\Downloads\android-sdk17-windows;C:\Users\Access\Downloads\android-sdk17-windows\tools;C:\Users\Admin\Downloads\gradle-6.8.2-bin\gradle-6.8.2\;C:\Users\Admin\Downloads\gradle-7.5-bin\gradle-7.5;C:\Users\Admin\Downloads\gradle-4.7-bin\gradle-4.7;C:\Users\Admin\Downloads\gradle-4.8-all\gradle-4.8\bin;C:\Program Files\Java\jdk-17.0.1\bin;C:\Users\Access\Downloads\android-sdk17-windows\build-tools\30.0.0;C:\Users\Access\3D Objects\mongosh-2.0.1-win32-x64\bin;C:\Users\Access\3D Objects\mongodb-windows-x86_64-7.0.2\mongodb-win32-x86_64-windows-7.0.2\bin;C:\Users\Access\AppData\Local\Programs\Python\Launcher\;C:\Users\Access\AppData\Local\Microsoft\WindowsApps;C:\Users\Access\Downloads\Git\cmd;."/>
    <property name="java.vm.info" value="mixed mode, sharing"/>
    <property name="java.vendor" value="Oracle Corporation"/>
    <property name="java.vm.version" value="17.0.1+12-LTS-39"/>
    <property name="sun.io.unicode.encoding" value="UnicodeLittle"/>
    <property name="java.class.version" value="61.0"/>
  </properties>
  <testcase name="Trials" classname="com.moderneinstein.web.vertx.BaseTestVerticle" time="0.048">
    <system-out><![CDATA[44
Versions Indicator main5
Versions Indicator main5
66
]]></system-out>
    <system-err><![CDATA[Oct 05, 2023 8:13:22 PM com.moderneinstein.web.vertx.Utilities LogEntry
INFO: Start Line

Oct 05, 2023 8:13:22 PM com.moderneinstein.web.vertx.Utilities LogEntry
INFO: main5
Oct 05, 2023 8:13:22 PM com.moderneinstein.web.vertx.Utilities LogEntry
INFO: com.moderneinstein.web.vertx.BaseTestVerticle
Oct 05, 2023 8:13:22 PM com.moderneinstein.web.vertx.Utilities LogEntry
INFO: End Line

Oct 05, 2023 8:13:22 PM com.moderneinstein.web.vertx.Utilities LogEntry
INFO: Start Line

Oct 05, 2023 8:13:22 PM com.moderneinstein.web.vertx.Utilities LogEntry
INFO: main5
Oct 05, 2023 8:13:22 PM com.moderneinstein.web.vertx.Utilities LogEntry
INFO: class com.moderneinstein.web.vertx.BaseTestVerticle
Oct 05, 2023 8:13:22 PM com.moderneinstein.web.vertx.Utilities LogEntry
INFO: End Line

]]></system-err>
  </testcase>
  <testcase name="start" classname="com.moderneinstein.web.vertx.BaseTestVerticle" time="0.38"/>
</testsuite>